TN:
SF:src/config/index.ts
FN:1,resolveJwtSecret
FNF:1
FNH:1
FNDA:1,resolveJwtSecret
DA:2,1
DA:3,1
DA:4,1
DA:5,0
DA:7,1
DA:10,1
LF:6
LH:5
BRDA:3,0,0,0
BRDA:4,1,0,0
BRDA:11,2,0,1
BRDA:11,2,1,1
BRDA:12,3,0,1
BRDA:12,3,1,0
BRDA:20,4,0,1
BRDA:20,4,1,1
BRDA:24,5,0,1
BRDA:24,5,1,1
BRDA:28,6,0,1
BRDA:28,6,1,1
BRDA:29,7,0,1
BRDA:29,7,1,1
BRDA:31,8,0,1
BRDA:31,8,1,1
BRDA:32,9,0,1
BRDA:32,9,1,1
BRDA:33,10,0,1
BRDA:33,10,1,1
BRDA:37,11,0,1
BRDA:37,11,1,1
BRDA:38,12,0,1
BRDA:38,12,1,1
BRDA:46,13,0,1
BRDA:46,13,1,1
BRF:26
BRH:23
end_of_record
TN:
SF:src/lib/prisma.ts
FNF:0
FNH:0
DA:1,0
DA:3,0
DA:7,0
DA:16,0
DA:17,0
LF:5
LH:0
BRDA:8,0,0,0
BRDA:8,0,1,0
BRDA:11,1,0,0
BRDA:11,1,1,0
BRDA:16,2,0,0
BRF:5
BRH:0
end_of_record
TN:
SF:src/lib/redis.ts
FN:7,getRedis
FN:15,(anonymous_2)
FN:16,(anonymous_3)
FN:17,(anonymous_4)
FN:23,cacheGet
FN:33,cacheSet
FN:37,cacheDelete
FN:41,cachePrefixDelete
FNF:8
FNH:0
FNDA:0,getRedis
FNDA:0,(anonymous_2)
FNDA:0,(anonymous_3)
FNDA:0,(anonymous_4)
FNDA:0,cacheGet
FNDA:0,cacheSet
FNDA:0,cacheDelete
FNDA:0,cachePrefixDelete
DA:1,0
DA:2,0
DA:5,0
DA:7,0
DA:8,0
DA:9,0
DA:15,0
DA:16,0
DA:17,0
DA:19,0
DA:23,0
DA:24,0
DA:25,0
DA:26,0
DA:27,0
DA:29,0
DA:33,0
DA:34,0
DA:37,0
DA:38,0
DA:41,0
DA:42,0
DA:43,0
DA:44,0
LF:24
LH:0
BRDA:8,0,0,0
BRDA:25,1,0,0
BRDA:33,2,0,0
BRDA:43,3,0,0
BRF:4
BRH:0
end_of_record
TN:
SF:src/middleware/auth.ts
FN:21,requireAuth
FN:44,requireWidgetKey
FN:72,requireRole
FN:73,(anonymous_4)
FNF:4
FNH:1
FNDA:2,requireAuth
FNDA:0,requireWidgetKey
FNDA:0,requireRole
FNDA:0,(anonymous_4)
DA:2,1
DA:3,1
DA:4,1
DA:21,1
DA:26,2
DA:27,2
DA:28,2
DA:29,1
DA:32,1
DA:33,1
DA:35,1
DA:36,1
DA:37,1
DA:39,0
DA:44,1
DA:49,0
DA:50,0
DA:52,0
DA:53,0
DA:56,0
DA:61,0
DA:62,0
DA:65,0
DA:66,0
DA:68,0
DA:72,1
DA:73,0
DA:74,0
DA:75,0
DA:77,0
LF:30
LH:15
BRDA:28,0,0,1
BRDA:52,1,0,0
BRDA:61,2,0,0
BRDA:74,3,0,0
BRDA:74,4,0,0
BRDA:74,4,1,0
BRF:6
BRH:1
end_of_record
TN:
SF:src/middleware/error.ts
FN:4,(anonymous_0)
FN:16,(anonymous_1)
FN:22,(anonymous_2)
FN:28,(anonymous_3)
FN:34,(anonymous_4)
FN:40,(anonymous_5)
FN:85,asyncHandler
FN:88,(anonymous_7)
FNF:8
FNH:0
FNDA:0,(anonymous_0)
FNDA:0,(anonymous_1)
FNDA:0,(anonymous_2)
FNDA:0,(anonymous_3)
FNDA:0,(anonymous_4)
FNDA:0,(anonymous_5)
FNDA:0,asyncHandler
FNDA:0,(anonymous_7)
DA:3,0
DA:5,0
DA:7,0
DA:9,0
DA:10,0
DA:11,0
DA:15,0
DA:17,0
DA:21,0
DA:23,0
DA:27,0
DA:29,0
DA:33,0
DA:35,0
DA:40,0
DA:47,0
DA:48,0
DA:56,0
DA:57,0
DA:64,0
DA:65,0
DA:73,0
DA:74,0
DA:85,0
DA:88,0
DA:89,0
LF:26
LH:0
BRDA:16,0,0,0
BRDA:22,1,0,0
BRDA:28,2,0,0
BRDA:47,3,0,0
BRDA:56,4,0,0
BRDA:64,5,0,0
BRDA:77,6,0,0
BRDA:77,6,1,0
BRF:8
BRH:0
end_of_record
TN:
SF:src/middleware/validate.ts
FN:13,validate
FN:17,(anonymous_1)
FNF:2
FNH:0
FNDA:0,validate
FNDA:0,(anonymous_1)
DA:2,0
DA:13,0
DA:17,0
DA:18,0
DA:20,0
DA:21,0
DA:22,0
DA:30,0
DA:31,0
DA:36,0
DA:41,0
LF:11
LH:0
BRDA:20,0,0,0
BRF:1
BRH:0
end_of_record
TN:
SF:src/routes/analytics.routes.ts
FN:9,(anonymous_0)
FN:57,(anonymous_1)
FN:63,(anonymous_2)
FN:65,(anonymous_3)
FN:78,(anonymous_4)
FN:93,(anonymous_5)
FNF:6
FNH:0
FNDA:0,(anonymous_0)
FNDA:0,(anonymous_1)
FNDA:0,(anonymous_2)
FNDA:0,(anonymous_3)
FNDA:0,(anonymous_4)
FNDA:0,(anonymous_5)
DA:1,0
DA:2,0
DA:3,0
DA:5,0
DA:6,0
DA:9,0
DA:10,0
DA:11,0
DA:12,0
DA:13,0
DA:15,0
DA:23,0
DA:33,0
DA:44,0
DA:56,0
DA:57,0
DA:58,0
DA:59,0
DA:62,0
DA:63,0
DA:65,0
DA:67,0
DA:78,0
DA:87,0
DA:88,0
DA:93,0
DA:94,0
DA:95,0
DA:97,0
DA:104,0
DA:109,0
DA:120,0
DA:124,0
LF:33
LH:0
BRDA:12,0,0,0
BRDA:12,0,1,0
BRDA:59,1,0,0
BRDA:59,1,1,0
BRDA:75,2,0,0
BRDA:75,2,1,0
BRDA:76,3,0,0
BRDA:76,3,1,0
BRDA:77,4,0,0
BRDA:77,4,1,0
BRDA:116,5,0,0
BRDA:116,5,1,0
BRF:12
BRH:0
end_of_record
TN:
SF:src/routes/auth.routes.ts
FN:19,(anonymous_1)
FN:81,(anonymous_2)
FN:117,(anonymous_3)
FN:145,oo_cm
FNF:4
FNH:3
FNDA:4,(anonymous_1)
FNDA:3,(anonymous_2)
FNDA:1,(anonymous_3)
FNDA:0,oo_cm
DA:1,1
DA:2,1
DA:3,1
DA:4,1
DA:5,1
DA:6,1
DA:7,1
DA:9,1
DA:12,1
DA:19,1
DA:20,4
DA:21,4
DA:23,2
DA:24,2
DA:25,1
DA:28,1
DA:34,1
DA:36,1
DA:52,1
DA:58,1
DA:67,2
DA:68,2
DA:70,0
DA:71,0
DA:76,1
DA:81,1
DA:82,3
DA:83,3
DA:85,2
DA:90,2
DA:91,1
DA:94,1
DA:100,1
DA:109,1
DA:110,1
DA:112,0
DA:117,1
DA:118,1
DA:119,1
DA:124,1
DA:126,1
DA:134,0
DA:138,1
DA:145,1
LF:44
LH:40
BRDA:24,0,0,1
BRDA:67,1,0,2
BRDA:90,2,0,1
BRDA:90,3,0,2
BRDA:90,3,1,1
BRDA:109,4,0,1
BRDA:124,5,0,0
BRDA:145,6,0,0
BRDA:145,6,1,0
BRF:9
BRH:6
end_of_record
TN:
SF:src/routes/chat.routes.ts
FN:11,(anonymous_0)
FN:19,(anonymous_1)
FN:45,(anonymous_2)
FN:157,(anonymous_3)
FN:176,(anonymous_4)
FN:213,(anonymous_5)
FN:231,(anonymous_6)
FNF:7
FNH:0
FNDA:0,(anonymous_0)
FNDA:0,(anonymous_1)
FNDA:0,(anonymous_2)
FNDA:0,(anonymous_3)
FNDA:0,(anonymous_4)
FNDA:0,(anonymous_5)
FNDA:0,(anonymous_6)
DA:1,0
DA:2,0
DA:3,0
DA:4,0
DA:5,0
DA:6,0
DA:8,0
DA:10,0
DA:11,0
DA:19,0
DA:20,0
DA:21,0
DA:22,0
DA:25,0
DA:32,0
DA:33,0
DA:45,0
DA:51,0
DA:60,0
DA:61,0
DA:62,0
DA:63,0
DA:64,0
DA:67,0
DA:69,0
DA:70,0
DA:71,0
DA:72,0
DA:74,0
DA:76,0
DA:82,0
DA:84,0
DA:85,0
DA:87,0
DA:88,0
DA:89,0
DA:91,0
DA:92,0
DA:94,0
DA:95,0
DA:96,0
DA:97,0
DA:99,0
DA:100,0
DA:102,0
DA:103,0
DA:104,0
DA:105,0
DA:106,0
DA:107,0
DA:108,0
DA:109,0
DA:117,0
DA:118,0
DA:119,0
DA:120,0
DA:124,0
DA:135,0
DA:136,0
DA:142,0
DA:143,0
DA:144,0
DA:146,0
DA:147,0
DA:149,0
DA:150,0
DA:152,0
DA:157,0
DA:158,0
DA:159,0
DA:161,0
DA:166,0
DA:168,0
DA:169,0
DA:171,0
DA:176,0
DA:177,0
DA:178,0
DA:179,0
DA:180,0
DA:182,0
DA:183,0
DA:185,0
DA:203,0
DA:208,0
DA:213,0
DA:214,0
DA:215,0
DA:220,0
DA:221,0
DA:224,0
DA:226,0
DA:231,0
DA:232,0
DA:233,0
DA:238,0
DA:239,0
DA:242,0
DA:244,0
DA:248,0
LF:100
LH:0
BRDA:25,0,0,0
BRDA:25,0,1,0
BRDA:32,1,0,0
BRDA:82,2,0,0
BRDA:89,3,0,0
BRDA:95,4,0,0
BRDA:97,5,0,0
BRDA:102,6,0,0
BRDA:102,6,1,0
BRDA:105,7,0,0
BRDA:107,8,0,0
BRDA:107,8,1,0
BRDA:108,9,0,0
BRDA:108,9,1,0
BRDA:135,10,0,0
BRDA:135,11,0,0
BRDA:135,11,1,0
BRDA:146,12,0,0
BRDA:146,12,1,0
BRDA:168,13,0,0
BRDA:178,14,0,0
BRDA:178,14,1,0
BRDA:179,15,0,0
BRDA:179,15,1,0
BRDA:183,16,0,0
BRDA:220,17,0,0
BRDA:238,18,0,0
BRF:27
BRH:0
end_of_record
TN:
SF:src/routes/knowledge.routes.ts
FN:16,(anonymous_1)
FN:24,(anonymous_2)
FN:42,(anonymous_3)
FN:98,(anonymous_4)
FN:131,(anonymous_5)
FN:156,(anonymous_6)
FNF:6
FNH:0
FNDA:0,(anonymous_1)
FNDA:0,(anonymous_2)
FNDA:0,(anonymous_3)
FNDA:0,(anonymous_4)
FNDA:0,(anonymous_5)
FNDA:0,(anonymous_6)
DA:1,0
DA:2,0
DA:3,0
DA:4,0
DA:5,0
DA:6,0
DA:7,0
DA:8,0
DA:10,0
DA:11,0
DA:13,0
DA:17,0
DA:19,0
DA:24,0
DA:25,0
DA:26,0
DA:35,0
DA:37,0
DA:42,0
DA:43,0
DA:44,0
DA:45,0
DA:48,0
DA:50,0
DA:57,0
DA:60,0
DA:68,0
DA:80,0
DA:88,0
DA:90,0
DA:91,0
DA:96,0
DA:98,0
DA:99,0
DA:100,0
DA:102,0
DA:113,0
DA:121,0
DA:123,0
DA:124,0
DA:126,0
DA:131,0
DA:132,0
DA:133,0
DA:137,0
DA:140,0
DA:143,0
DA:144,0
DA:147,0
DA:149,0
DA:151,0
DA:156,0
DA:157,0
DA:158,0
DA:163,0
DA:165,0
DA:167,0
DA:171,0
LF:58
LH:0
BRDA:44,0,0,0
BRDA:57,1,0,0
BRDA:57,1,1,0
BRDA:105,2,0,0
BRDA:105,2,1,0
BRDA:118,3,0,0
BRDA:118,3,1,0
BRDA:123,4,0,0
BRDA:137,5,0,0
BRDA:143,6,0,0
BRDA:143,7,0,0
BRDA:143,7,1,0
BRDA:163,8,0,0
BRF:13
BRH:0
end_of_record
TN:
SF:src/routes/widget.routes.ts
FN:8,(anonymous_9)
FN:34,(anonymous_10)
FN:54,(anonymous_11)
FN:56,(anonymous_12)
FNF:4
FNH:0
FNDA:0,(anonymous_9)
FNDA:0,(anonymous_10)
FNDA:0,(anonymous_11)
FNDA:0,(anonymous_12)
DA:1,0
DA:2,0
DA:3,0
DA:5,0
DA:8,0
DA:9,0
DA:10,0
DA:15,0
DA:16,0
DA:19,0
DA:21,0
DA:26,0
DA:28,0
DA:34,0
DA:35,0
DA:36,0
DA:38,0
DA:44,0
DA:46,0
DA:47,0
DA:49,0
DA:54,0
DA:55,0
DA:56,0
DA:57,0
DA:63,0
DA:65,0
DA:69,0
LF:28
LH:0
BRDA:15,0,0,0
BRDA:46,1,0,0
BRF:2
BRH:0
end_of_record
TN:
SF:src/services/ai.service.ts
FN:19,queryRAG
FN:40,queryRAGStream
FN:59,ingestDocument
FN:81,deleteDocumentVectors
FN:97,checkAIServiceHealth
FNF:5
FNH:0
FNDA:0,queryRAG
FNDA:0,queryRAGStream
FNDA:0,ingestDocument
FNDA:0,deleteDocumentVectors
FNDA:0,checkAIServiceHealth
DA:1,0
DA:4,0
DA:19,0
DA:24,0
DA:30,0
DA:31,0
DA:32,0
DA:35,0
DA:40,0
DA:45,0
DA:51,0
DA:52,0
DA:55,0
DA:59,0
DA:66,0
DA:72,0
DA:73,0
DA:74,0
DA:77,0
DA:81,0
DA:85,0
DA:91,0
DA:92,0
DA:97,0
DA:98,0
DA:99,0
DA:100,0
DA:102,0
LF:28
LH:0
BRDA:30,0,0,0
BRDA:51,1,0,0
BRDA:72,2,0,0
BRDA:91,3,0,0
BRF:4
BRH:0
end_of_record
TN:
SF:src/services/queue.service.ts
FN:31,enqueueIngestion
FN:39,startIngestionWorker
FN:42,(anonymous_3)
FN:85,(anonymous_4)
FNF:4
FNH:0
FNDA:0,enqueueIngestion
FNDA:0,startIngestionWorker
FNDA:0,(anonymous_3)
FNDA:0,(anonymous_4)
DA:1,0
DA:2,0
DA:3,0
DA:4,0
DA:5,0
DA:6,0
DA:8,0
DA:13,0
DA:31,0
DA:32,0
DA:35,0
DA:39,0
DA:40,0
DA:43,0
DA:45,0
DA:48,0
DA:55,0
DA:60,0
DA:69,0
DA:77,0
DA:85,0
DA:86,0
DA:87,0
DA:89,0
DA:98,0
DA:99,0
LF:26
LH:0
BRDA:55,0,0,0
BRDA:55,0,1,0
BRDA:86,1,0,0
BRF:3
BRH:0
end_of_record
TN:
SF:src/services/storage.service.ts
FN:16,initStorage
FN:24,uploadFile
FN:43,getPresignedUrl
FN:47,deleteFile
FNF:4
FNH:0
FNDA:0,initStorage
FNDA:0,uploadFile
FNDA:0,getPresignedUrl
FNDA:0,deleteFile
DA:1,0
DA:2,0
DA:3,0
DA:5,0
DA:13,0
DA:16,0
DA:17,0
DA:18,0
DA:19,0
DA:20,0
DA:24,0
DA:30,0
DA:31,0
DA:33,0
DA:38,0
DA:40,0
DA:43,0
DA:44,0
DA:47,0
DA:48,0
LF:20
LH:0
BRDA:18,0,0,0
BRDA:30,1,0,0
BRDA:30,1,1,0
BRDA:43,2,0,0
BRF:4
BRH:0
end_of_record
